Arguments: 
  /opt/homebrew/Cellar/node/17.4.0/bin/node /usr/local/bin/yarnpkg install

PATH: 
  /opt/homebrew/bin:/opt/homebrew/sbin:/usr/local/bin:/usr/bin:/bin:/usr/sbin:/sbin:/Library/Apple/usr/bin:/opt/homebrew/bin:/opt/homebrew/sbin:/Users/necip/Library/Android/sdk/emulator:/Users/necip/Library/Android/sdk/tools:/Users/necip/Library/Android/sdk/tools/bin:/Users/necip/Library/Android/sdk/platform-tools:/Users/necip/Library/Android/sdk/emulator:/Users/necip/Library/Android/sdk/tools:/Users/necip/Library/Android/sdk/tools/bin:/Users/necip/Library/Android/sdk/platform-tools

Yarn version: 
  1.22.17

Node version: 
  17.4.0

Platform: 
  darwin arm64

Trace: 
  Error: https://registry.yarnpkg.com/@react-native-elements%2fbase: Not found
      at Request.params.callback [as _callback] (/usr/local/lib/node_modules/yarn/lib/cli.js:67029:18)
      at Request.self.callback (/usr/local/lib/node_modules/yarn/lib/cli.js:140883:22)
      at Request.emit (node:events:520:28)
      at Request.<anonymous> (/usr/local/lib/node_modules/yarn/lib/cli.js:141855:10)
      at Request.emit (node:events:520:28)
      at IncomingMessage.<anonymous> (/usr/local/lib/node_modules/yarn/lib/cli.js:141777:12)
      at Object.onceWrapper (node:events:639:28)
      at IncomingMessage.emit (node:events:532:35)
      at endReadableNT (node:internal/streams/readable:1343:12)
      at processTicksAndRejections (node:internal/process/task_queues:83:21)

npm manifest: 
  {
    "name": "app",
    "version": "1.0.0",
    "main": "node_modules/expo/AppEntry.js",
    "author": {
      "name": "RNE"
    },
    "keywords": [
      "react-native",
      "react-native-elements",
      "react-native-template",
      "expo"
    ],
    "scripts": {
      "start": "expo start",
      "android": "expo start --android",
      "ios": "expo start --ios",
      "web": "expo start --web",
      "eject": "expo eject"
    },
    "dependencies": {
      "@react-native-elements/base": "4.0.0-rc.0",
      "@react-native-elements/themed": "4.0.0-rc.0",
      "expo": "^1.0.0",
      "expo-status-bar": "~1.2.0",
      "react": "17.0.1",
      "react-dom": "17.0.1",
      "react-native": "0.64.3",
      "react-native-web": "0.17.1"
    },
    "devDependencies": {
      "@babel/core": "^7.12.9"
    },
    "private": true
  }

yarn manifest: 
  No manifest

Lockfile: 
  No lockfile
